<?xml version="1.0" encoding="UTF-8"?>
<!-- Generated by org.testng.reporters.JUnitXMLReporter -->
<testsuite ignored="0" hostname="DESKTOP-9VQSPT3" failures="4" tests="6" name="Test" time="105.931" errors="0" timestamp="2022-08-04T01:22:20 IST">
  <testcase classname="com.demo.tests.LoginTest_001" name="loginTest" time="25.67"/>
  <testcase classname="com.demo.tests.TC_LoginDDT_002" name="loginDDT" time="15.619"/>
  <testcase classname="com.demo.tests.TC_LoginDDT_002" name="loginDDT" time="11.077">
    <failure type="org.openqa.selenium.UnhandledAlertException" message="unexpected alert open: {Alert text : User or Password is not valid}
  (Session info: MicrosoftEdge=103.0.1264.77): User or Password is not valid
Build info: version: &amp;apos;4.0.0&amp;apos;, revision: &amp;apos;3a21814679&amp;apos;
System info: host: &amp;apos;DESKTOP-9VQSPT3&amp;apos;, ip: &amp;apos;192.168.0.103&amp;apos;, os.name: &amp;apos;Windows 10&amp;apos;, os.arch: &amp;apos;amd64&amp;apos;, os.version: &amp;apos;10.0&amp;apos;, java.version: &amp;apos;17.0.3&amp;apos;
Driver info: org.openqa.selenium.edge.EdgeDriver
Command: [40e4eebed3136dfb83c34d90e830ca79, screenshot {}]
Capabilities {acceptInsecureCerts: false, browserName: msedge, browserVersion: 103.0.1264.77, javascriptEnabled: true, ms:edgeOptions: {debuggerAddress: localhost:61252}, msedge: {msedgedriverVersion: 103.0.1264.77 (2b250f2585e4..., userDataDir: C:\Users\MOBILE~1\AppData\L...}, networkConnectionEnabled: false, pageLoadStrategy: normal, platform: WINDOWS, platformName: WINDOWS, proxy: Proxy(), se:cdp: ws://localhost:61252/devtoo..., se:cdpVersion: 103.0.1264.77, setWindowRect: true, strictFileInteractability: false, timeouts: {implicit: 0, pageLoad: 300000, script: 30000}, unhandledPromptBehavior: dismiss and notify, webauthn:extension:credBlob: true, webauthn:extension:largeBlob: true, webauthn:virtualAuthenticators: true}
Session ID: 40e4eebed3136dfb83c34d90e830ca79">
      <![CDATA[org.openqa.selenium.UnhandledAlertException: unexpected alert open: {Alert text : User or Password is not valid}
  (Session info: MicrosoftEdge=103.0.1264.77): User or Password is not valid
Build info: version: '4.0.0', revision: '3a21814679'
System info: host: 'DESKTOP-9VQSPT3', ip: '192.168.0.103', os.name: 'Windows 10', os.arch: 'amd64', os.version: '10.0', java.version: '17.0.3'
Driver info: org.openqa.selenium.edge.EdgeDriver
Command: [40e4eebed3136dfb83c34d90e830ca79, screenshot {}]
Capabilities {acceptInsecureCerts: false, browserName: msedge, browserVersion: 103.0.1264.77, javascriptEnabled: true, ms:edgeOptions: {debuggerAddress: localhost:61252}, msedge: {msedgedriverVersion: 103.0.1264.77 (2b250f2585e4..., userDataDir: C:\Users\MOBILE~1\AppData\L...}, networkConnectionEnabled: false, pageLoadStrategy: normal, platform: WINDOWS, platformName: WINDOWS, proxy: Proxy(), se:cdp: ws://localhost:61252/devtoo..., se:cdpVersion: 103.0.1264.77, setWindowRect: true, strictFileInteractability: false, timeouts: {implicit: 0, pageLoad: 300000, script: 30000}, unhandledPromptBehavior: dismiss and notify, webauthn:extension:credBlob: true, webauthn:extension:largeBlob: true, webauthn:virtualAuthenticators: true}
Session ID: 40e4eebed3136dfb83c34d90e830ca79
at org.openqa.selenium.remote.codec.w3c.W3CHttpResponseCodec.decode(W3CHttpResponseCodec.java:131)
at org.openqa.selenium.remote.codec.w3c.W3CHttpResponseCodec.decode(W3CHttpResponseCodec.java:53)
at org.openqa.selenium.remote.HttpCommandExecutor.execute(HttpCommandExecutor.java:184)
at org.openqa.selenium.remote.service.DriverCommandExecutor.invokeExecute(DriverCommandExecutor.java:164)
at org.openqa.selenium.remote.service.DriverCommandExecutor.execute(DriverCommandExecutor.java:139)
at org.openqa.selenium.remote.RemoteWebDriver.execute(RemoteWebDriver.java:559)
at org.openqa.selenium.remote.RemoteWebDriver.execute(RemoteWebDriver.java:614)
at org.openqa.selenium.remote.RemoteWebDriver.execute(RemoteWebDriver.java:618)
at org.openqa.selenium.remote.RemoteWebDriver.getScreenshotAs(RemoteWebDriver.java:349)
at com.demo.utilities.Screenshot.captureScreen(Screenshot.java:16)
at com.demo.tests.TC_LoginDDT_002.loginDDT(TC_LoginDDT_002.java:30)
at java.base/java.util.ArrayList.forEach(ArrayList.java:1511)
... Removed 27 stack frames]]>
    </failure>
  </testcase> <!-- loginDDT -->
  <testcase classname="com.demo.tests.TC_LoginDDT_002" name="loginDDT" time="12.781">
    <failure type="org.openqa.selenium.UnhandledAlertException" message="unexpected alert open: {Alert text : User or Password is not valid}
  (Session info: MicrosoftEdge=103.0.1264.77): User or Password is not valid
Build info: version: &amp;apos;4.0.0&amp;apos;, revision: &amp;apos;3a21814679&amp;apos;
System info: host: &amp;apos;DESKTOP-9VQSPT3&amp;apos;, ip: &amp;apos;192.168.0.103&amp;apos;, os.name: &amp;apos;Windows 10&amp;apos;, os.arch: &amp;apos;amd64&amp;apos;, os.version: &amp;apos;10.0&amp;apos;, java.version: &amp;apos;17.0.3&amp;apos;
Driver info: org.openqa.selenium.edge.EdgeDriver
Command: [40e4eebed3136dfb83c34d90e830ca79, screenshot {}]
Capabilities {acceptInsecureCerts: false, browserName: msedge, browserVersion: 103.0.1264.77, javascriptEnabled: true, ms:edgeOptions: {debuggerAddress: localhost:61252}, msedge: {msedgedriverVersion: 103.0.1264.77 (2b250f2585e4..., userDataDir: C:\Users\MOBILE~1\AppData\L...}, networkConnectionEnabled: false, pageLoadStrategy: normal, platform: WINDOWS, platformName: WINDOWS, proxy: Proxy(), se:cdp: ws://localhost:61252/devtoo..., se:cdpVersion: 103.0.1264.77, setWindowRect: true, strictFileInteractability: false, timeouts: {implicit: 0, pageLoad: 300000, script: 30000}, unhandledPromptBehavior: dismiss and notify, webauthn:extension:credBlob: true, webauthn:extension:largeBlob: true, webauthn:virtualAuthenticators: true}
Session ID: 40e4eebed3136dfb83c34d90e830ca79">
      <![CDATA[org.openqa.selenium.UnhandledAlertException: unexpected alert open: {Alert text : User or Password is not valid}
  (Session info: MicrosoftEdge=103.0.1264.77): User or Password is not valid
Build info: version: '4.0.0', revision: '3a21814679'
System info: host: 'DESKTOP-9VQSPT3', ip: '192.168.0.103', os.name: 'Windows 10', os.arch: 'amd64', os.version: '10.0', java.version: '17.0.3'
Driver info: org.openqa.selenium.edge.EdgeDriver
Command: [40e4eebed3136dfb83c34d90e830ca79, screenshot {}]
Capabilities {acceptInsecureCerts: false, browserName: msedge, browserVersion: 103.0.1264.77, javascriptEnabled: true, ms:edgeOptions: {debuggerAddress: localhost:61252}, msedge: {msedgedriverVersion: 103.0.1264.77 (2b250f2585e4..., userDataDir: C:\Users\MOBILE~1\AppData\L...}, networkConnectionEnabled: false, pageLoadStrategy: normal, platform: WINDOWS, platformName: WINDOWS, proxy: Proxy(), se:cdp: ws://localhost:61252/devtoo..., se:cdpVersion: 103.0.1264.77, setWindowRect: true, strictFileInteractability: false, timeouts: {implicit: 0, pageLoad: 300000, script: 30000}, unhandledPromptBehavior: dismiss and notify, webauthn:extension:credBlob: true, webauthn:extension:largeBlob: true, webauthn:virtualAuthenticators: true}
Session ID: 40e4eebed3136dfb83c34d90e830ca79
at org.openqa.selenium.remote.codec.w3c.W3CHttpResponseCodec.decode(W3CHttpResponseCodec.java:131)
at org.openqa.selenium.remote.codec.w3c.W3CHttpResponseCodec.decode(W3CHttpResponseCodec.java:53)
at org.openqa.selenium.remote.HttpCommandExecutor.execute(HttpCommandExecutor.java:184)
at org.openqa.selenium.remote.service.DriverCommandExecutor.invokeExecute(DriverCommandExecutor.java:164)
at org.openqa.selenium.remote.service.DriverCommandExecutor.execute(DriverCommandExecutor.java:139)
at org.openqa.selenium.remote.RemoteWebDriver.execute(RemoteWebDriver.java:559)
at org.openqa.selenium.remote.RemoteWebDriver.execute(RemoteWebDriver.java:614)
at org.openqa.selenium.remote.RemoteWebDriver.execute(RemoteWebDriver.java:618)
at org.openqa.selenium.remote.RemoteWebDriver.getScreenshotAs(RemoteWebDriver.java:349)
at com.demo.utilities.Screenshot.captureScreen(Screenshot.java:16)
at com.demo.tests.TC_LoginDDT_002.loginDDT(TC_LoginDDT_002.java:30)
at java.base/java.util.ArrayList.forEach(ArrayList.java:1511)
... Removed 27 stack frames]]>
    </failure>
  </testcase> <!-- loginDDT -->
  <testcase classname="com.demo.tests.TC_LoginDDT_002" name="loginDDT" time="13.282">
    <failure type="org.openqa.selenium.UnhandledAlertException" message="unexpected alert open: {Alert text : User or Password is not valid}
  (Session info: MicrosoftEdge=103.0.1264.77): User or Password is not valid
Build info: version: &amp;apos;4.0.0&amp;apos;, revision: &amp;apos;3a21814679&amp;apos;
System info: host: &amp;apos;DESKTOP-9VQSPT3&amp;apos;, ip: &amp;apos;192.168.0.103&amp;apos;, os.name: &amp;apos;Windows 10&amp;apos;, os.arch: &amp;apos;amd64&amp;apos;, os.version: &amp;apos;10.0&amp;apos;, java.version: &amp;apos;17.0.3&amp;apos;
Driver info: org.openqa.selenium.edge.EdgeDriver
Command: [40e4eebed3136dfb83c34d90e830ca79, screenshot {}]
Capabilities {acceptInsecureCerts: false, browserName: msedge, browserVersion: 103.0.1264.77, javascriptEnabled: true, ms:edgeOptions: {debuggerAddress: localhost:61252}, msedge: {msedgedriverVersion: 103.0.1264.77 (2b250f2585e4..., userDataDir: C:\Users\MOBILE~1\AppData\L...}, networkConnectionEnabled: false, pageLoadStrategy: normal, platform: WINDOWS, platformName: WINDOWS, proxy: Proxy(), se:cdp: ws://localhost:61252/devtoo..., se:cdpVersion: 103.0.1264.77, setWindowRect: true, strictFileInteractability: false, timeouts: {implicit: 0, pageLoad: 300000, script: 30000}, unhandledPromptBehavior: dismiss and notify, webauthn:extension:credBlob: true, webauthn:extension:largeBlob: true, webauthn:virtualAuthenticators: true}
Session ID: 40e4eebed3136dfb83c34d90e830ca79">
      <![CDATA[org.openqa.selenium.UnhandledAlertException: unexpected alert open: {Alert text : User or Password is not valid}
  (Session info: MicrosoftEdge=103.0.1264.77): User or Password is not valid
Build info: version: '4.0.0', revision: '3a21814679'
System info: host: 'DESKTOP-9VQSPT3', ip: '192.168.0.103', os.name: 'Windows 10', os.arch: 'amd64', os.version: '10.0', java.version: '17.0.3'
Driver info: org.openqa.selenium.edge.EdgeDriver
Command: [40e4eebed3136dfb83c34d90e830ca79, screenshot {}]
Capabilities {acceptInsecureCerts: false, browserName: msedge, browserVersion: 103.0.1264.77, javascriptEnabled: true, ms:edgeOptions: {debuggerAddress: localhost:61252}, msedge: {msedgedriverVersion: 103.0.1264.77 (2b250f2585e4..., userDataDir: C:\Users\MOBILE~1\AppData\L...}, networkConnectionEnabled: false, pageLoadStrategy: normal, platform: WINDOWS, platformName: WINDOWS, proxy: Proxy(), se:cdp: ws://localhost:61252/devtoo..., se:cdpVersion: 103.0.1264.77, setWindowRect: true, strictFileInteractability: false, timeouts: {implicit: 0, pageLoad: 300000, script: 30000}, unhandledPromptBehavior: dismiss and notify, webauthn:extension:credBlob: true, webauthn:extension:largeBlob: true, webauthn:virtualAuthenticators: true}
Session ID: 40e4eebed3136dfb83c34d90e830ca79
at org.openqa.selenium.remote.codec.w3c.W3CHttpResponseCodec.decode(W3CHttpResponseCodec.java:131)
at org.openqa.selenium.remote.codec.w3c.W3CHttpResponseCodec.decode(W3CHttpResponseCodec.java:53)
at org.openqa.selenium.remote.HttpCommandExecutor.execute(HttpCommandExecutor.java:184)
at org.openqa.selenium.remote.service.DriverCommandExecutor.invokeExecute(DriverCommandExecutor.java:164)
at org.openqa.selenium.remote.service.DriverCommandExecutor.execute(DriverCommandExecutor.java:139)
at org.openqa.selenium.remote.RemoteWebDriver.execute(RemoteWebDriver.java:559)
at org.openqa.selenium.remote.RemoteWebDriver.execute(RemoteWebDriver.java:614)
at org.openqa.selenium.remote.RemoteWebDriver.execute(RemoteWebDriver.java:618)
at org.openqa.selenium.remote.RemoteWebDriver.getScreenshotAs(RemoteWebDriver.java:349)
at com.demo.utilities.Screenshot.captureScreen(Screenshot.java:16)
at com.demo.tests.TC_LoginDDT_002.loginDDT(TC_LoginDDT_002.java:30)
at java.base/java.util.ArrayList.forEach(ArrayList.java:1511)
... Removed 27 stack frames]]>
    </failure>
  </testcase> <!-- loginDDT -->
  <testcase classname="com.demo.tests.TC_LoginDDT_002" name="loginDDT" time="13.283">
    <failure type="org.openqa.selenium.UnhandledAlertException" message="unexpected alert open: {Alert text : User or Password is not valid}
  (Session info: MicrosoftEdge=103.0.1264.77): User or Password is not valid
Build info: version: &amp;apos;4.0.0&amp;apos;, revision: &amp;apos;3a21814679&amp;apos;
System info: host: &amp;apos;DESKTOP-9VQSPT3&amp;apos;, ip: &amp;apos;192.168.0.103&amp;apos;, os.name: &amp;apos;Windows 10&amp;apos;, os.arch: &amp;apos;amd64&amp;apos;, os.version: &amp;apos;10.0&amp;apos;, java.version: &amp;apos;17.0.3&amp;apos;
Driver info: org.openqa.selenium.edge.EdgeDriver
Command: [40e4eebed3136dfb83c34d90e830ca79, screenshot {}]
Capabilities {acceptInsecureCerts: false, browserName: msedge, browserVersion: 103.0.1264.77, javascriptEnabled: true, ms:edgeOptions: {debuggerAddress: localhost:61252}, msedge: {msedgedriverVersion: 103.0.1264.77 (2b250f2585e4..., userDataDir: C:\Users\MOBILE~1\AppData\L...}, networkConnectionEnabled: false, pageLoadStrategy: normal, platform: WINDOWS, platformName: WINDOWS, proxy: Proxy(), se:cdp: ws://localhost:61252/devtoo..., se:cdpVersion: 103.0.1264.77, setWindowRect: true, strictFileInteractability: false, timeouts: {implicit: 0, pageLoad: 300000, script: 30000}, unhandledPromptBehavior: dismiss and notify, webauthn:extension:credBlob: true, webauthn:extension:largeBlob: true, webauthn:virtualAuthenticators: true}
Session ID: 40e4eebed3136dfb83c34d90e830ca79">
      <![CDATA[org.openqa.selenium.UnhandledAlertException: unexpected alert open: {Alert text : User or Password is not valid}
  (Session info: MicrosoftEdge=103.0.1264.77): User or Password is not valid
Build info: version: '4.0.0', revision: '3a21814679'
System info: host: 'DESKTOP-9VQSPT3', ip: '192.168.0.103', os.name: 'Windows 10', os.arch: 'amd64', os.version: '10.0', java.version: '17.0.3'
Driver info: org.openqa.selenium.edge.EdgeDriver
Command: [40e4eebed3136dfb83c34d90e830ca79, screenshot {}]
Capabilities {acceptInsecureCerts: false, browserName: msedge, browserVersion: 103.0.1264.77, javascriptEnabled: true, ms:edgeOptions: {debuggerAddress: localhost:61252}, msedge: {msedgedriverVersion: 103.0.1264.77 (2b250f2585e4..., userDataDir: C:\Users\MOBILE~1\AppData\L...}, networkConnectionEnabled: false, pageLoadStrategy: normal, platform: WINDOWS, platformName: WINDOWS, proxy: Proxy(), se:cdp: ws://localhost:61252/devtoo..., se:cdpVersion: 103.0.1264.77, setWindowRect: true, strictFileInteractability: false, timeouts: {implicit: 0, pageLoad: 300000, script: 30000}, unhandledPromptBehavior: dismiss and notify, webauthn:extension:credBlob: true, webauthn:extension:largeBlob: true, webauthn:virtualAuthenticators: true}
Session ID: 40e4eebed3136dfb83c34d90e830ca79
at org.openqa.selenium.remote.codec.w3c.W3CHttpResponseCodec.decode(W3CHttpResponseCodec.java:131)
at org.openqa.selenium.remote.codec.w3c.W3CHttpResponseCodec.decode(W3CHttpResponseCodec.java:53)
at org.openqa.selenium.remote.HttpCommandExecutor.execute(HttpCommandExecutor.java:184)
at org.openqa.selenium.remote.service.DriverCommandExecutor.invokeExecute(DriverCommandExecutor.java:164)
at org.openqa.selenium.remote.service.DriverCommandExecutor.execute(DriverCommandExecutor.java:139)
at org.openqa.selenium.remote.RemoteWebDriver.execute(RemoteWebDriver.java:559)
at org.openqa.selenium.remote.RemoteWebDriver.execute(RemoteWebDriver.java:614)
at org.openqa.selenium.remote.RemoteWebDriver.execute(RemoteWebDriver.java:618)
at org.openqa.selenium.remote.RemoteWebDriver.getScreenshotAs(RemoteWebDriver.java:349)
at com.demo.utilities.Screenshot.captureScreen(Screenshot.java:16)
at com.demo.tests.TC_LoginDDT_002.loginDDT(TC_LoginDDT_002.java:30)
at java.base/java.util.ArrayList.forEach(ArrayList.java:1511)
... Removed 27 stack frames]]>
    </failure>
  </testcase> <!-- loginDDT -->
</testsuite> <!-- Test -->
