<?xml version="1.0" encoding="UTF-8"?>
<!-- Generated by org.testng.reporters.JUnitXMLReporter -->
<testsuite ignored="1" hostname="DESKTOP-9VQSPT3" failures="1" tests="1" name="Test(failed)(failed)" time="8.793" errors="0" timestamp="2022-07-06T15:11:15 IST">
  <testcase classname="com.demo.tests.GoogleSearch_Test" name="validate_Search_Textbox" time="5.059">
    <failure type="java.lang.NullPointerException" message="Cannot invoke &amp;quot;org.openqa.selenium.SearchContext.findElement(org.openqa.selenium.By)&amp;quot; because &amp;quot;this.searchContext&amp;quot; is null">
      <![CDATA[java.lang.NullPointerException: Cannot invoke "org.openqa.selenium.SearchContext.findElement(org.openqa.selenium.By)" because "this.searchContext" is null
at org.openqa.selenium.support.pagefactory.DefaultElementLocator.findElement(DefaultElementLocator.java:70)
at org.openqa.selenium.support.pagefactory.internal.LocatingElementHandler.invoke(LocatingElementHandler.java:39)
at jdk.proxy2/jdk.proxy2.$Proxy18.isEnabled(Unknown Source)
at com.demo.pages.GoogleSearch_Page.validate_google_search_txtbox(GoogleSearch_Page.java:21)
at com.demo.tests.GoogleSearch_Test.validate_Search_Textbox(GoogleSearch_Test.java:30)
at java.base/java.util.ArrayList.forEach(ArrayList.java:1511)
... Removed 27 stack frames]]>
    </failure>
  </testcase> <!-- validate_Search_Textbox -->
  <testcase classname="com.demo.tests.GoogleSearch_Test" name="validate_Google_Url" time="0.0">
    <ignored/>
  </testcase> <!-- validate_Google_Url -->
</testsuite> <!-- Test(failed)(failed) -->
